The system is: Windows - 10.0.19045 - AMD64
Compiling the C compiler identification source file "CMakeCCompilerId.c" succeeded.
Compiler: C:/Program Files (x86)/Microsoft Visual Studio/2019/Community/VC/Tools/MSVC/14.29.30133/bin/Hostx86/x86/cl.exe 
Build flags: 
Id flags:  

The output was:
0
Compilateur d'optimisation Microsoft (R) C/C++ version 19.29.30148 pour x86
Copyright (C) Microsoft Corporation. Tous droits réservés.

CMakeCCompilerId.c
Microsoft (R) Incremental Linker Version 14.29.30148.0
Copyright (C) Microsoft Corporation.  All rights reserved.

/out:CMakeCCompilerId.exe 
CMakeCCompilerId.obj 


Compilation of the C compiler identification source "CMakeCCompilerId.c" produced "CMakeCCompilerId.exe"

Compilation of the C compiler identification source "CMakeCCompilerId.c" produced "CMakeCCompilerId.obj"

The C compiler identification is MSVC, found in "C:/Users/g.gonfiantini/Desktop/RedisCPlusPlus/cmake-build-debug/CMakeFiles/3.25.2/CompilerIdC/CMakeCCompilerId.exe"

Compiling the CXX compiler identification source file "CMakeCXXCompilerId.cpp" succeeded.
Compiler: C:/Program Files (x86)/Microsoft Visual Studio/2019/Community/VC/Tools/MSVC/14.29.30133/bin/Hostx86/x86/cl.exe 
Build flags: 
Id flags:  

The output was:
0
Compilateur d'optimisation Microsoft (R) C/C++ version 19.29.30148 pour x86
Copyright (C) Microsoft Corporation. Tous droits réservés.

CMakeCXXCompilerId.cpp
Microsoft (R) Incremental Linker Version 14.29.30148.0
Copyright (C) Microsoft Corporation.  All rights reserved.

/out:CMakeCXXCompilerId.exe 
CMakeCXXCompilerId.obj 


Compilation of the CXX compiler identification source "CMakeCXXCompilerId.cpp" produced "CMakeCXXCompilerId.exe"

Compilation of the CXX compiler identification source "CMakeCXXCompilerId.cpp" produced "CMakeCXXCompilerId.obj"

The CXX compiler identification is MSVC, found in "C:/Users/g.gonfiantini/Desktop/RedisCPlusPlus/cmake-build-debug/CMakeFiles/3.25.2/CompilerIdCXX/CMakeCXXCompilerId.exe"

Detecting C compiler ABI info compiled with the following output:
Change Dir: C:/Users/g.gonfiantini/Desktop/RedisCPlusPlus/cmake-build-debug/CMakeFiles/CMakeScratch/TryCompile-97cwgl

Run Build Command(s):C:/Program Files/JetBrains/CLion 2023.1.2/bin/ninja/win/x64/ninja.exe cmTC_27645 && [1/2] Building C object CMakeFiles\cmTC_27645.dir\CMakeCCompilerABI.c.obj
[2/2] Linking C executable cmTC_27645.exe



Detecting CXX compiler ABI info compiled with the following output:
Change Dir: C:/Users/g.gonfiantini/Desktop/RedisCPlusPlus/cmake-build-debug/CMakeFiles/CMakeScratch/TryCompile-htl9qe

Run Build Command(s):C:/Program Files/JetBrains/CLion 2023.1.2/bin/ninja/win/x64/ninja.exe cmTC_6eb9a && [1/2] Building CXX object CMakeFiles\cmTC_6eb9a.dir\CMakeCXXCompilerABI.cpp.obj
[2/2] Linking CXX executable cmTC_6eb9a.exe



